2022-11-12 09:13:46 DEBUG root:27 - Program started
2022-11-12 09:13:46 DEBUG root:75 - Importing from 'ListStorage\Camping.txt'
2022-11-12 09:13:46 DEBUG root:75 - Importing from 'ListStorage\Thanksgiving.txt'
2022-11-12 09:14:33 DEBUG root:13 - Invalid input: 3.50asdf
2022-11-12 09:14:38 DEBUG root:13 - Invalid input: adfas
2022-11-12 09:14:38 DEBUG root:13 - Invalid input:
2022-11-12 09:15:32 DEBUG root:13 - Invalid input:
2022-11-12 09:15:55 DEBUG root:18 - Created item 'Frosted Flakes' in list 'Camping'
2022-11-12 09:16:46 DEBUG root:17 - Deleted item 'Frosted Flakes' from list 'Camping'
2022-11-12 09:17:45 DEBUG root:18 - Created item 'Hamburgers' in list 'My New List'
2022-11-12 09:18:56 DEBUG root:75 - Importing from 'ImportExport\Back To School.txt'
2022-11-12 09:19:23 DEBUG root:80 - Program ended
2020-11-14 01:43:20 DEBUG root:30 - Program started
2020-11-14 01:43:56 DEBUG root:30 - Program started
2020-11-14 18:04:23 DEBUG root:30 - Program started
2020-11-14 18:08:55 DEBUG root:30 - Program started
2020-11-15 00:46:29 DEBUG root:30 - Program started
2020-11-15 00:47:35 DEBUG root:83 - Program ended
2020-11-16 15:50:16 DEBUG root:30 - Program started
2020-11-16 15:51:51 DEBUG root:83 - Program ended
2020-11-16 15:52:31 DEBUG root:30 - Program started
2020-11-16 15:53:52 DEBUG root:30 - Program started
2020-11-16 15:55:09 DEBUG root:30 - Program started
2020-11-16 15:55:31 DEBUG root:30 - Program started
2020-11-16 15:57:24 DEBUG root:30 - Program started
2020-11-16 15:58:38 DEBUG root:83 - Program ended
2020-11-16 16:32:03 DEBUG root:30 - Program started
2020-11-16 17:23:41 DEBUG root:30 - Program started
2020-11-16 17:27:02 DEBUG root:30 - Program started
2020-11-17 09:53:46 DEBUG root:30 - Program started
2020-11-17 09:54:17 DEBUG root:83 - Program ended
2020-11-17 09:56:25 DEBUG root:30 - Program started
